<?xml version="1.0" encoding="UTF-8"?>
<testng-results skipped="0" failed="0" total="1" passed="1">
  <reporter-output>
  </reporter-output>
  <suite name="Suite" duration-ms="39978" started-at="2018-11-26T07:57:15Z" finished-at="2018-11-26T07:57:55Z">
    <groups>
    </groups>
    <test name="Test" duration-ms="39978" started-at="2018-11-26T07:57:15Z" finished-at="2018-11-26T07:57:55Z">
      <class name="com.urqa.TrailBlazers.Scripts.Script">
        <test-method status="PASS" signature="startAppiumServer()[pri:0, instance:com.urqa.TrailBlazers.Scripts.Script@1a968a59]" name="startAppiumServer" is-config="true" duration-ms="23126" started-at="2018-11-26T13:26:52Z" finished-at="2018-11-26T13:27:15Z">
          <reporter-output>
          </reporter-output>
        </test-method> <!-- startAppiumServer -->
        <test-method status="PASS" signature="preCond()[pri:0, instance:com.urqa.TrailBlazers.Scripts.Script@1a968a59]" name="preCond" is-config="true" duration-ms="29419" started-at="2018-11-26T13:27:15Z" finished-at="2018-11-26T13:27:45Z">
          <reporter-output>
          </reporter-output>
        </test-method> <!-- preCond -->
        <test-method status="PASS" signature="LoginTB()[pri:0, instance:com.urqa.TrailBlazers.Scripts.Script@1a968a59]" name="LoginTB" duration-ms="9705" started-at="2018-11-26T13:27:45Z" finished-at="2018-11-26T13:27:55Z">
          <reporter-output>
          </reporter-output>
        </test-method> <!-- LoginTB -->
        <test-method status="PASS" signature="postCond(org.testng.ITestResult)[pri:0, instance:com.urqa.TrailBlazers.Scripts.Script@1a968a59]" name="postCond" is-config="true" duration-ms="820" started-at="2018-11-26T13:27:55Z" finished-at="2018-11-26T13:27:55Z">
          <params>
            <param index="0">
              <value>
                <![CDATA[[TestResult name=LoginTB status=SUCCESS method=Script.LoginTB()[pri:0, instance:com.urqa.TrailBlazers.Scripts.Script@1a968a59] output={null}]]]>
              </value>
            </param>
          </params>
          <reporter-output>
          </reporter-output>
        </test-method> <!-- postCond -->
        <test-method status="PASS" signature="stopAppiumServer()[pri:0, instance:com.urqa.TrailBlazers.Scripts.Script@1a968a59]" name="stopAppiumServer" is-config="true" duration-ms="2009" started-at="2018-11-26T13:27:55Z" finished-at="2018-11-26T13:27:57Z">
          <reporter-output>
          </reporter-output>
        </test-method> <!-- stopAppiumServer -->
      </class> <!-- com.urqa.TrailBlazers.Scripts.Script -->
    </test> <!-- Test -->
  </suite> <!-- Suite -->
</testng-results>
